2018-03-14 15:51:36Controller:app\Controller\IndexController  action:index
2018-03-14 15:51:58Controller:app\Controller\IndexController  action:index
2018-03-21 19:28:54Controller:app\Controller\IndexController  action:index
2018-03-21 20:51:59Controller:app\Controller\IndexController  action:index
2018-03-21 21:00:39Controller:app\Controller\IndexController  action:index
2018-03-21 21:00:45Controller:app\Controller\IndexController  action:index
2018-03-21 21:04:13Controller:app\Controller\IndexController  action:index
2018-03-21 21:04:40Controller:app\Controller\IndexController  action:index
2018-03-21 21:04:47Controller:app\Controller\IndexController  action:index
2018-03-21 21:05:51Controller:app\Controller\IndexController  action:sendSms
2018-03-21 21:06:43Controller:app\Controller\IndexController  action:sendSms
2018-03-21 21:06:56Controller:app\Controller\IndexController  action:sendSms
2018-03-21 21:12:45Controller:app\Controller\IndexController  action:sendSms
2018-03-21 21:12:49Controller:app\Controller\IndexController  action:sendSms
2018-03-21 21:13:26Controller:app\Controller\IndexController  action:sendSms
2018-03-21 21:16:05Controller:app\Controller\IndexController  action:sendSms
2018-03-21 21:18:04Controller:app\Controller\IndexController  action:sendSms
2018-03-21 21:35:36Controller:app\Controller\IndexController  action:index
2018-03-21 21:40:05Controller:app\Controller\IndexController  action:sendSms
2018-03-21 21:40:29Controller:app\Controller\IndexController  action:sendSms
2018-03-21 21:40:37Controller:app\Controller\IndexController  action:sendSms
2018-03-21 21:40:38Controller:app\Controller\IndexController  action:sendSms
2018-03-21 21:40:39Controller:app\Controller\IndexController  action:sendSms
2018-03-21 21:41:00Controller:app\Controller\IndexController  action:sendSms
2018-03-21 21:41:11Controller:app\Controller\IndexController  action:sendSms
2018-03-21 21:42:34Controller:app\Controller\IndexController  action:sendSms
2018-03-21 21:42:53Controller:app\Controller\IndexController  action:sendSms
2018-03-21 21:43:01Controller:app\Controller\IndexController  action:sendSms
2018-03-21 21:46:00Controller:app\Controller\IndexController  action:sendSms
2018-03-21 21:46:13Controller:app\Controller\IndexController  action:sendSms
2018-03-21 21:46:17Controller:app\Controller\IndexController  action:sendSms
2018-03-21 21:46:26Controller:app\Controller\IndexController  action:sendSms
2018-03-21 21:47:37Controller:app\Controller\IndexController  action:sendSms
2018-03-21 21:47:45Controller:app\Controller\IndexController  action:sendSms
2018-03-21 21:48:04Controller:app\Controller\IndexController  action:sendSms
2018-03-21 21:48:09Controller:app\Controller\IndexController  action:sendSms
2018-03-21 21:48:32Controller:app\Controller\IndexController  action:sendSms
2018-03-21 21:48:43Controller:app\Controller\IndexController  action:sendSms
2018-03-21 21:48:50Controller:app\Controller\IndexController  action:sendSms
2018-03-21 21:48:56Controller:app\Controller\IndexController  action:sendSms
2018-03-21 22:05:33Controller:app\Controller\IndexController  action:checkSms
2018-03-21 22:05:41Controller:app\Controller\IndexController  action:checkSms
2018-03-21 22:05:54Controller:app\Controller\IndexController  action:checkSms
2018-03-21 22:06:02Controller:app\Controller\IndexController  action:checkSms
2018-03-21 22:06:26Controller:app\Controller\IndexController  action:checkSms
2018-03-21 22:07:00Controller:app\Controller\IndexController  action:checkSms
2018-03-21 22:07:11Controller:app\Controller\IndexController  action:checkSms
2018-03-21 22:07:46Controller:app\Controller\IndexController  action:checkSms
2018-03-21 22:19:00Controller:app\Controller\IndexController  action:checkSms
2018-03-21 22:19:15Controller:app\Controller\IndexController  action:checkSms
2018-03-21 22:19:20Controller:app\Controller\IndexController  action:checkSms
2018-03-21 22:19:29Controller:app\Controller\IndexController  action:checkSms
2018-03-21 22:19:48Controller:app\Controller\IndexController  action:checkSms
2018-03-21 22:19:59Controller:app\Controller\IndexController  action:checkSms
2018-03-21 22:20:10Controller:app\Controller\IndexController  action:checkSms
2018-03-21 22:20:20Controller:app\Controller\IndexController  action:checkSms
2018-03-21 22:20:35Controller:app\Controller\IndexController  action:checkSms
2018-03-21 22:20:37Controller:app\Controller\IndexController  action:checkSms
2018-03-21 22:20:53Controller:app\Controller\IndexController  action:checkSms
2018-03-21 22:22:49Controller:app\Controller\IndexController  action:sendSms
2018-03-21 22:24:13Controller:app\Controller\IndexController  action:sendSms
2018-03-21 22:24:31Controller:app\Controller\IndexController  action:sendSms
2018-03-21 22:24:46Controller:app\Controller\IndexController  action:sendSms
2018-03-21 22:24:55Controller:app\Controller\IndexController  action:sendSms
2018-03-21 22:25:06Controller:app\Controller\IndexController  action:sendSms
2018-03-21 22:26:30Controller:app\Controller\IndexController  action:sendSms
2018-03-21 22:26:47Controller:app\Controller\IndexController  action:sendSms
2018-03-21 22:27:04Controller:app\Controller\IndexController  action:sendSms
2018-03-21 22:27:16Controller:app\Controller\IndexController  action:sendSms
2018-03-21 22:27:29Controller:app\Controller\IndexController  action:sendSms
2018-03-21 22:27:44Controller:app\Controller\IndexController  action:sendSms
2018-03-21 22:27:53Controller:app\Controller\IndexController  action:sendSms
2018-03-21 22:28:11Controller:app\Controller\IndexController  action:sendSms
2018-03-21 22:28:20Controller:app\Controller\IndexController  action:sendSms
2018-03-22 08:37:13Controller:app\Controller\IndexController  action:index
2018-03-22 08:39:19Controller:app\Controller\IndexController  action:index
2018-03-22 08:39:20Controller:app\Controller\IndexController  action:index
2018-03-22 08:39:22Controller:app\Controller\IndexController  action:index
2018-03-22 08:39:29Controller:app\Controller\AdminController  action:index
2018-03-22 08:39:29Controller:app\Controller\CommonController  action:login
2018-03-22 08:39:55Controller:app\Controller\CommonController  action:login
2018-03-22 08:39:55Controller:app\Controller\AdminController  action:index
2018-03-22 08:39:56Controller:app\Controller\AdminController  action:orderList
2018-03-22 08:39:58Controller:app\Controller\UserController  action:index
2018-03-22 08:39:59Controller:app\Controller\AdminController  action:orderList
2018-03-22 08:40:10Controller:app\Controller\IndexController  action:index
2018-03-22 08:47:16Controller:app\Controller\IndexController  action:index
2018-03-22 08:47:39Controller:app\Controller\IndexController  action:submitContect
2018-03-22 08:47:48Controller:app\Controller\IndexController  action:submitContect
2018-03-22 08:53:06Controller:app\Controller\IndexController  action:index
2018-03-22 08:53:08Controller:app\Controller\IndexController  action:index
2018-03-22 08:53:12Controller:app\Controller\IndexController  action:index
2018-03-22 08:54:47Controller:app\Controller\IndexController  action:index
2018-03-22 08:55:00Controller:app\Controller\IndexController  action:index
2018-03-22 08:57:32Controller:app\Controller\IndexController  action:index
2018-03-22 08:57:32Controller:app\Controller\IndexController  action:index
2018-03-22 08:57:32Controller:app\Controller\IndexController  action:index
2018-03-22 08:57:35Controller:app\Controller\IndexController  action:index
2018-03-22 08:57:36Controller:app\Controller\IndexController  action:index
2018-03-22 08:57:38Controller:app\Controller\IndexController  action:index
2018-03-22 08:58:07Controller:app\Controller\IndexController  action:index
2018-03-22 08:58:07Controller:app\Controller\IndexController  action:index
2018-03-22 08:58:08Controller:app\Controller\IndexController  action:index
2018-03-22 08:58:08Controller:app\Controller\IndexController  action:index
2018-03-22 08:58:29Controller:app\Controller\IndexController  action:index
2018-03-22 08:59:16Controller:app\Controller\IndexController  action:index
2018-03-22 08:59:18Controller:app\Controller\IndexController  action:index
2018-03-22 08:59:43Controller:app\Controller\IndexController  action:index
2018-03-22 08:59:54Controller:app\Controller\IndexController  action:index
2018-03-22 09:01:12Controller:app\Controller\IndexController  action:index
2018-03-22 09:01:13Controller:app\Controller\IndexController  action:index
2018-03-22 09:01:13Controller:app\Controller\IndexController  action:index
2018-03-22 09:01:14Controller:app\Controller\IndexController  action:index
2018-03-22 09:01:15Controller:app\Controller\IndexController  action:index
2018-03-22 09:10:15Controller:app\Controller\IndexController  action:index
2018-03-22 09:10:16Controller:app\Controller\IndexController  action:index
2018-03-22 09:10:16Controller:app\Controller\IndexController  action:index
2018-03-22 09:10:18Controller:app\Controller\IndexController  action:index
2018-03-22 09:10:33Controller:app\Controller\IndexController  action:index
2018-03-22 09:10:34Controller:app\Controller\IndexController  action:index
2018-03-22 09:10:50Controller:app\Controller\IndexController  action:index
2018-03-22 09:10:51Controller:app\Controller\IndexController  action:index
2018-03-22 09:11:12Controller:app\Controller\IndexController  action:index
2018-03-22 09:11:41Controller:app\Controller\IndexController  action:index
2018-03-22 09:11:42Controller:app\Controller\IndexController  action:index
2018-03-22 09:11:42Controller:app\Controller\IndexController  action:index
2018-03-22 09:11:42Controller:app\Controller\IndexController  action:index
2018-03-22 09:13:02Controller:app\Controller\IndexController  action:index
2018-03-22 09:13:03Controller:app\Controller\IndexController  action:index
2018-03-22 09:13:03Controller:app\Controller\IndexController  action:index
2018-03-22 09:13:04Controller:app\Controller\IndexController  action:index
2018-03-22 09:13:05Controller:app\Controller\IndexController  action:index
2018-03-22 09:13:39Controller:app\Controller\IndexController  action:index
2018-03-22 09:13:39Controller:app\Controller\IndexController  action:index
2018-03-22 09:13:39Controller:app\Controller\IndexController  action:index
2018-03-22 09:15:28Controller:app\Controller\IndexController  action:index
2018-03-22 09:23:04Controller:app\Controller\IndexController  action:index
2018-03-22 09:26:12Controller:app\Controller\IndexController  action:index
2018-03-22 09:26:13Controller:app\Controller\IndexController  action:index
2018-03-22 09:26:13Controller:app\Controller\IndexController  action:index
2018-03-22 09:26:44Controller:app\Controller\IndexController  action:index
2018-03-22 09:26:53Controller:app\Controller\IndexController  action:index
2018-03-22 09:26:53Controller:app\Controller\IndexController  action:index
2018-03-22 09:28:02Controller:app\Controller\IndexController  action:index
2018-03-22 09:28:02Controller:app\Controller\IndexController  action:index
2018-03-22 09:28:06Controller:app\Controller\IndexController  action:index
2018-03-22 09:28:15Controller:app\Controller\IndexController  action:index
2018-03-22 09:28:42Controller:app\Controller\IndexController  action:index
2018-03-22 09:28:42Controller:app\Controller\IndexController  action:index
2018-03-22 09:28:42Controller:app\Controller\IndexController  action:index
2018-03-22 09:28:42Controller:app\Controller\IndexController  action:index
2018-03-22 09:28:44Controller:app\Controller\IndexController  action:index
2018-03-22 09:29:03Controller:app\Controller\IndexController  action:index
2018-03-22 09:29:04Controller:app\Controller\IndexController  action:index
2018-03-22 09:30:11Controller:app\Controller\IndexController  action:index
2018-03-22 09:34:20Controller:app\Controller\IndexController  action:index
2018-03-22 09:34:34Controller:app\Controller\IndexController  action:index
2018-03-22 09:38:33Controller:app\Controller\IndexController  action:index
2018-03-22 09:42:28Controller:app\Controller\IndexController  action:index
2018-03-22 09:42:28Controller:app\Controller\IndexController  action:index
2018-03-22 09:42:28Controller:app\Controller\IndexController  action:index
2018-03-22 09:42:28Controller:app\Controller\IndexController  action:index
2018-03-22 09:42:33Controller:app\Controller\IndexController  action:index
2018-03-22 09:42:35Controller:app\Controller\IndexController  action:index
2018-03-22 09:43:49Controller:app\Controller\IndexController  action:index
2018-03-22 09:43:50Controller:app\Controller\IndexController  action:index
2018-03-22 09:43:50Controller:app\Controller\IndexController  action:index
2018-03-22 09:43:54Controller:app\Controller\IndexController  action:index
2018-03-22 09:46:42Controller:app\Controller\IndexController  action:index
2018-03-22 09:47:49Controller:app\Controller\IndexController  action:index
2018-03-22 09:47:50Controller:app\Controller\IndexController  action:index
2018-03-22 09:48:20Controller:app\Controller\IndexController  action:index
2018-03-22 09:48:21Controller:app\Controller\IndexController  action:index
2018-03-22 09:48:21Controller:app\Controller\IndexController  action:index
2018-03-22 09:48:51Controller:app\Controller\IndexController  action:index
2018-03-22 09:49:06Controller:app\Controller\IndexController  action:index
2018-03-22 09:53:34Controller:app\Controller\IndexController  action:index
2018-03-22 09:53:34Controller:app\Controller\IndexController  action:index
2018-03-22 09:53:34Controller:app\Controller\IndexController  action:index
2018-03-22 09:53:34Controller:app\Controller\IndexController  action:index
2018-03-22 09:53:52Controller:app\Controller\IndexController  action:index
